<?xml version="1.0" encoding="UTF-8"?>
<!-- Generated by org.testng.reporters.JUnitXMLReporter -->
<testsuite hostname="CPX-M3K2Y9U6WGA" ignored="12" tests="16" failures="11" timestamp="2019-03-18T10:48:27 CET" time="26.638" errors="0">
  <testcase name="chooseSpecificValueInPrimeElementField" time="2.142" classname="AutoCompleteTest"/>
  <testcase name="chooseSpecifiedValueFromTheMultipleList" time="3.809" classname="AutoCompleteTest">
    <failure type="java.lang.AssertionError" message="did not expect to find [true] but found [false]">
      <![CDATA[java.lang.AssertionError: did not expect to find [true] but found [false]
at AutoCompleteTest.chooseSpecifiedValueFromTheMultipleList(AutoCompleteTest.java:33)
... Removed 41 stack frames]]>
    </failure>
  </testcase> <!-- chooseSpecifiedValueFromTheMultipleList -->
  <testcase name="chooseSpecifiedValueInRemoteField" time="1.524" classname="AutoCompleteTest"/>
  <testcase name="selectFromDropdown" time="4.511" classname="AutoCompleteTest"/>
  <testcase name="sendKeysToBssicField" time="1.635" classname="AutoCompleteTest"/>
  <testcase name="sendKeysToContentField" time="1.431" classname="AutoCompleteTest"/>
  <testcase name="clickOnDefaultBtn" time="0.001" classname="ButtonTest">
    <failure type="java.lang.NullPointerException">
      <![CDATA[java.lang.NullPointerException
at ButtonTest.clickOnDefaultBtn(ButtonTest.java:7)
... Removed 37 stack frames]]>
    </failure>
  </testcase> <!-- clickOnDefaultBtn -->
  <testcase name="changeMonth" time="0.001" classname="DatePickerTest">
    <failure type="java.lang.NullPointerException">
      <![CDATA[java.lang.NullPointerException
at DatePickerTest.changeMonth(DatePickerTest.java:8)
... Removed 37 stack frames]]>
    </failure>
  </testcase> <!-- changeMonth -->
  <testcase name="setDayInCalendar" time="0.0" classname="DatePickerTest">
    <failure type="java.lang.NullPointerException">
      <![CDATA[java.lang.NullPointerException
at DatePickerTest.setDayInCalendar(DatePickerTest.java:15)
... Removed 37 stack frames]]>
    </failure>
  </testcase> <!-- setDayInCalendar -->
  <testcase name="setDayOnCalendarPopup" time="0.0" classname="DatePickerTest">
    <failure type="java.lang.NullPointerException">
      <![CDATA[java.lang.NullPointerException
at DatePickerTest.setDayOnCalendarPopup(DatePickerTest.java:22)
... Removed 37 stack frames]]>
    </failure>
  </testcase> <!-- setDayOnCalendarPopup -->
  <testcase name="checkTitle" time="0.0" classname="HomePageTest">
    <failure type="java.lang.NullPointerException">
      <![CDATA[java.lang.NullPointerException
at HomePageTest.checkTitle(HomePageTest.java:12)
... Removed 37 stack frames]]>
    </failure>
  </testcase> <!-- checkTitle -->
  <testcase name="checkUrl" time="0.0" classname="HomePageTest">
    <failure type="java.lang.NullPointerException">
      <![CDATA[java.lang.NullPointerException
at HomePageTest.checkUrl(HomePageTest.java:8)
... Removed 37 stack frames]]>
    </failure>
  </testcase> <!-- checkUrl -->
  <testcase name="checkTheUrl" time="0.0" classname="InputTextAreaTest">
    <failure type="java.lang.NullPointerException">
      <![CDATA[java.lang.NullPointerException
at InputTextAreaTest.checkTheUrl(InputTextAreaTest.java:8)
... Removed 37 stack frames]]>
    </failure>
  </testcase> <!-- checkTheUrl -->
  <testcase name="sendTextDefaultField" time="0.001" classname="InputTextAreaTest">
    <failure type="java.lang.NullPointerException">
      <![CDATA[java.lang.NullPointerException
at InputTextAreaTest.sendTextDefaultField(InputTextAreaTest.java:14)
... Removed 37 stack frames]]>
    </failure>
  </testcase> <!-- sendTextDefaultField -->
  <testcase name="selectButtonFromList" time="0.0" classname="SplitButtonTest">
    <failure type="java.lang.NullPointerException">
      <![CDATA[java.lang.NullPointerException
at SplitButtonTest.selectButtonFromList(SplitButtonTest.java:8)
... Removed 37 stack frames]]>
    </failure>
  </testcase> <!-- selectButtonFromList -->
  <testcase name="selectButtonFromSecondList" time="0.0" classname="SplitButtonTest">
    <failure type="java.lang.NullPointerException">
      <![CDATA[java.lang.NullPointerException
at SplitButtonTest.selectButtonFromSecondList(SplitButtonTest.java:16)
... Removed 37 stack frames]]>
    </failure>
  </testcase> <!-- selectButtonFromSecondList -->
  <testcase name="@BeforeTest setUp" time="0.0" classname="BaseTest">
    <ignored/>
  </testcase> <!-- @BeforeTest setUp -->
  <testcase name="@BeforeTest setUp" time="0.0" classname="BaseTest">
    <ignored/>
  </testcase> <!-- @BeforeTest setUp -->
  <testcase name="@BeforeTest setUp" time="0.0" classname="BaseTest">
    <ignored/>
  </testcase> <!-- @BeforeTest setUp -->
  <testcase name="@BeforeTest setUp" time="0.0" classname="BaseTest">
    <ignored/>
  </testcase> <!-- @BeforeTest setUp -->
  <testcase name="@BeforeTest setUp" time="0.0" classname="BaseTest">
    <ignored/>
  </testcase> <!-- @BeforeTest setUp -->
  <testcase name="@BeforeTest setUp" time="0.0" classname="BaseTest">
    <ignored/>
  </testcase> <!-- @BeforeTest setUp -->
  <testcase name="@AfterTest tearDown" time="0.0" classname="BaseTest">
    <ignored/>
  </testcase> <!-- @AfterTest tearDown -->
  <testcase name="@AfterTest tearDown" time="0.0" classname="BaseTest">
    <ignored/>
  </testcase> <!-- @AfterTest tearDown -->
  <testcase name="@AfterTest tearDown" time="0.0" classname="BaseTest">
    <ignored/>
  </testcase> <!-- @AfterTest tearDown -->
  <testcase name="@AfterTest tearDown" time="0.0" classname="BaseTest">
    <ignored/>
  </testcase> <!-- @AfterTest tearDown -->
  <testcase name="@AfterTest tearDown" time="0.0" classname="BaseTest">
    <ignored/>
  </testcase> <!-- @AfterTest tearDown -->
  <testcase name="@AfterTest tearDown" time="0.0" classname="BaseTest">
    <ignored/>
  </testcase> <!-- @AfterTest tearDown -->
</testsuite>
