-------------------------------------------------------------------------------
Test set: TestSuite
-------------------------------------------------------------------------------
Tests run: 16, Failures: 11, Errors: 0, Skipped: 0, Time elapsed: 27.589 sec <<< FAILURE!
chooseSpecifiedValueFromTheMultipleList(AutoCompleteTest)  Time elapsed: 3.814 sec  <<< FAILURE!
java.lang.AssertionError: did not expect to find [true] but found [false]
	at org.testng.Assert.fail(Assert.java:97)
	at org.testng.Assert.failNotEquals(Assert.java:969)
	at org.testng.Assert.assertTrue(Assert.java:43)
	at org.testng.Assert.assertTrue(Assert.java:53)
	at AutoCompleteTest.chooseSpecifiedValueFromTheMultipleList(AutoCompleteTest.java:33)

clickOnDefaultBtn(ButtonTest)  Time elapsed: 0.002 sec  <<< FAILURE!
java.lang.NullPointerException
	at ButtonTest.clickOnDefaultBtn(ButtonTest.java:7)

changeMonth(DatePickerTest)  Time elapsed: 0.002 sec  <<< FAILURE!
java.lang.NullPointerException
	at DatePickerTest.changeMonth(DatePickerTest.java:8)

setDayInCalendar(DatePickerTest)  Time elapsed: 0.001 sec  <<< FAILURE!
java.lang.NullPointerException
	at DatePickerTest.setDayInCalendar(DatePickerTest.java:15)

setDayOnCalendarPopup(DatePickerTest)  Time elapsed: 0.009 sec  <<< FAILURE!
java.lang.NullPointerException
	at DatePickerTest.setDayOnCalendarPopup(DatePickerTest.java:22)

checkTitle(HomePageTest)  Time elapsed: 0 sec  <<< FAILURE!
java.lang.NullPointerException
	at HomePageTest.checkTitle(HomePageTest.java:12)

checkUrl(HomePageTest)  Time elapsed: 0 sec  <<< FAILURE!
java.lang.NullPointerException
	at HomePageTest.checkUrl(HomePageTest.java:8)

checkTheUrl(InputTextAreaTest)  Time elapsed: 0 sec  <<< FAILURE!
java.lang.NullPointerException
	at InputTextAreaTest.checkTheUrl(InputTextAreaTest.java:8)

sendTextDefaultField(InputTextAreaTest)  Time elapsed: 0 sec  <<< FAILURE!
java.lang.NullPointerException
	at InputTextAreaTest.sendTextDefaultField(InputTextAreaTest.java:14)

selectButtonFromList(SplitButtonTest)  Time elapsed: 0 sec  <<< FAILURE!
java.lang.NullPointerException
	at SplitButtonTest.selectButtonFromList(SplitButtonTest.java:8)

selectButtonFromSecondList(SplitButtonTest)  Time elapsed: 0 sec  <<< FAILURE!
java.lang.NullPointerException
	at SplitButtonTest.selectButtonFromSecondList(SplitButtonTest.java:16)

