<?xml version="1.0" encoding="UTF-8" ?>
<testsuite tests="16" failures="11" name="TestSuite" time="15.068" errors="0" skipped="0">
  <properties>
[...]
</properties>
  <testcase classname="AutoCompleteTest" name="chooseSpecificValueInPrimeElementField" time="2.153"/>
  <testcase classname="AutoCompleteTest" name="chooseSpecifiedValueFromTheMultipleList" time="3.814">
    <failure message="did not expect to find [true] but found [false]" type="java.lang.AssertionError">java.lang.AssertionError: did not expect to find [true] but found [false]
	at org.testng.Assert.fail(Assert.java:97)
	at org.testng.Assert.failNotEquals(Assert.java:969)
	at org.testng.Assert.assertTrue(Assert.java:43)
	at org.testng.Assert.assertTrue(Assert.java:53)
	at AutoCompleteTest.chooseSpecifiedValueFromTheMultipleList(AutoCompleteTest.java:33)
</failure>
    <system-out>Specified element: [[ChromeDriver: chrome on XP (e5662267d2089b90c08fbecdb2102e02)] -&gt; xpath: //a[contains(text(),&apos;AutoComplete&apos;)]] is clickable
Clicking on element [[ChromeDriver: chrome on XP (e5662267d2089b90c08fbecdb2102e02)] -&gt; xpath: //a[contains(text(),&apos;AutoComplete&apos;)]]
Sending keys: egy to element [[ChromeDriver: chrome on XP (e5662267d2089b90c08fbecdb2102e02)] -&gt; xpath: //input[@name=&apos;multiple&apos;]]
clicking on Egypt
</system-out>
  </testcase>
  <testcase classname="AutoCompleteTest" name="chooseSpecifiedValueInRemoteField" time="1.51"/>
  <testcase classname="AutoCompleteTest" name="selectFromDropdown" time="4.509"/>
  <testcase classname="AutoCompleteTest" name="sendKeysToBssicField" time="1.637"/>
  <testcase classname="AutoCompleteTest" name="sendKeysToContentField" time="1.431"/>
  <testcase classname="ButtonTest" name="clickOnDefaultBtn" time="0.002">
    <failure type="java.lang.NullPointerException">java.lang.NullPointerException
	at ButtonTest.clickOnDefaultBtn(ButtonTest.java:7)
</failure>
  </testcase>
  <testcase classname="DatePickerTest" name="changeMonth" time="0.002">
    <failure type="java.lang.NullPointerException">java.lang.NullPointerException
	at DatePickerTest.changeMonth(DatePickerTest.java:8)
</failure>
  </testcase>
  <testcase classname="DatePickerTest" name="setDayInCalendar" time="0.001">
    <failure type="java.lang.NullPointerException">java.lang.NullPointerException
	at DatePickerTest.setDayInCalendar(DatePickerTest.java:15)
</failure>
  </testcase>
  <testcase classname="DatePickerTest" name="setDayOnCalendarPopup" time="0.009">
    <failure type="java.lang.NullPointerException">java.lang.NullPointerException
	at DatePickerTest.setDayOnCalendarPopup(DatePickerTest.java:22)
</failure>
  </testcase>
  <testcase classname="HomePageTest" name="checkTitle" time="0">
    <failure type="java.lang.NullPointerException">java.lang.NullPointerException
	at HomePageTest.checkTitle(HomePageTest.java:12)
</failure>
  </testcase>
  <testcase classname="HomePageTest" name="checkUrl" time="0">
    <failure type="java.lang.NullPointerException">java.lang.NullPointerException
	at HomePageTest.checkUrl(HomePageTest.java:8)
</failure>
  </testcase>
  <testcase classname="InputTextAreaTest" name="checkTheUrl" time="0">
    <failure type="java.lang.NullPointerException">java.lang.NullPointerException
	at InputTextAreaTest.checkTheUrl(InputTextAreaTest.java:8)
</failure>
  </testcase>
  <testcase classname="InputTextAreaTest" name="sendTextDefaultField" time="0">
    <failure type="java.lang.NullPointerException">java.lang.NullPointerException
	at InputTextAreaTest.sendTextDefaultField(InputTextAreaTest.java:14)
</failure>
  </testcase>
  <testcase classname="SplitButtonTest" name="selectButtonFromList" time="0">
    <failure type="java.lang.NullPointerException">java.lang.NullPointerException
	at SplitButtonTest.selectButtonFromList(SplitButtonTest.java:8)
</failure>
  </testcase>
  <testcase classname="SplitButtonTest" name="selectButtonFromSecondList" time="0">
    <failure type="java.lang.NullPointerException">java.lang.NullPointerException
	at SplitButtonTest.selectButtonFromSecondList(SplitButtonTest.java:16)
</failure>
  </testcase>
</testsuite>